<pre>-- ERROR NOTICE --
FECHA: 2014-10-28 06:33:22
ARCHIVO: C:\xampp\htdocs\app\Controllers\UsersController.php
LINEA : 25
IP SERVIDOR: ::1
IP USUARIO: ::1
MENSAJE: Undefined variable: var
-- ERROR NOTICE --
</pre>
<pre>-- ERROR NOTICE --
FECHA: 2014-10-28 06:33:38
ARCHIVO: C:\xampp\htdocs\app\Controllers\UsersController.php
LINEA : 25
IP SERVIDOR: ::1
IP USUARIO: ::1
MENSAJE: Undefined variable: var
-- ERROR NOTICE --
</pre>
<pre>-- ERROR NOTICE --
FECHA: 2014-10-28 06:34:03
ARCHIVO: C:\xampp\htdocs\app\Class\Authorization.php
LINEA : 6
IP SERVIDOR: ::1
IP USUARIO: ::1
MENSAJE: Undefined index: logged
-- ERROR NOTICE --
</pre>
<pre>-- ERROR NOTICE --
FECHA: 2014-10-28 16:50:49
ARCHIVO: C:\xampp\htdocs\app\Class\Authorization.php
LINEA : 6
IP SERVIDOR: ::1
IP USUARIO: ::1
MENSAJE: Undefined index: logged
-- ERROR NOTICE --
</pre>
<pre>-- ERROR NOTICE --
FECHA: 2014-10-28 16:50:57
ARCHIVO: C:\xampp\htdocs\app\Class\Authorization.php
LINEA : 6
IP SERVIDOR: ::1
IP USUARIO: ::1
MENSAJE: Undefined index: logged
-- ERROR NOTICE --
</pre>
<pre>-- ERROR NOTICE --
FECHA: 2014-10-28 16:54:23
ARCHIVO: C:\xampp\htdocs\app\Class\Authorization.php
LINEA : 6
IP SERVIDOR: ::1
IP USUARIO: ::1
MENSAJE: Undefined index: logged
-- ERROR NOTICE --
</pre>
<pre>-- ERROR NOTICE --
FECHA: 2014-10-28 16:55:55
ARCHIVO: C:\xampp\htdocs\app\Class\Authorization.php
LINEA : 6
IP SERVIDOR: ::1
IP USUARIO: ::1
MENSAJE: Undefined index: logged
-- ERROR NOTICE --
</pre>
<pre>-- ERROR NOTICE --
FECHA: 2014-10-28 16:56:08
ARCHIVO: C:\xampp\htdocs\app\Class\Authorization.php
LINEA : 6
IP SERVIDOR: ::1
IP USUARIO: ::1
MENSAJE: Undefined index: logged
-- ERROR NOTICE --
</pre>
<pre>-- ERROR NOTICE --
FECHA: 2014-10-28 16:56:22
ARCHIVO: C:\xampp\htdocs\app\Class\Authorization.php
LINEA : 6
IP SERVIDOR: ::1
IP USUARIO: ::1
MENSAJE: Undefined index: logged
-- ERROR NOTICE --
</pre>
<pre>-- ERROR NOTICE --
FECHA: 2014-10-28 16:56:58
ARCHIVO: C:\xampp\htdocs\app\Class\Authorization.php
LINEA : 6
IP SERVIDOR: ::1
IP USUARIO: ::1
MENSAJE: Undefined index: logged
-- ERROR NOTICE --
</pre>
<pre>-- ERROR NOTICE --
FECHA: 2014-11-05 05:25:44
ARCHIVO: C:\xampp\htdocs\app\Class\Authorization.php
LINEA : 18
IP SERVIDOR: ::1
IP USUARIO: ::1
MENSAJE: Undefined index: logged
-- ERROR NOTICE --
</pre>
<pre>-- ERROR NOTICE --
FECHA: 2014-11-05 05:27:07
ARCHIVO: C:\xampp\htdocs\app\Class\Authorization.php
LINEA : 18
IP SERVIDOR: ::1
IP USUARIO: ::1
MENSAJE: Undefined index: logged
-- ERROR NOTICE --
</pre>
<pre>-- ERROR NOTICE --
FECHA: 2014-11-05 05:35:51
ARCHIVO: C:\xampp\htdocs\app\Class\Authorization.php
LINEA : 18
IP SERVIDOR: ::1
IP USUARIO: ::1
MENSAJE: Undefined index: logged
-- ERROR NOTICE --
</pre>
<pre>-- ERROR WARNING --
FECHA: 2014-11-05 05:35:51
ARCHIVO: C:\xampp\htdocs\app\Controllers\UsersController.php
LINEA : 2
IP SERVIDOR: ::1
IP USUARIO: ::1
MENSAJE: require(/Classclass.phpmailer.php): failed to open stream: No such file or directory
-- ERROR WARNING --
</pre>
<pre>-- ERROR NOTICE --
FECHA: 2014-11-05 05:36:34
ARCHIVO: C:\xampp\htdocs\app\Class\Authorization.php
LINEA : 18
IP SERVIDOR: ::1
IP USUARIO: ::1
MENSAJE: Undefined index: logged
-- ERROR NOTICE --
</pre>
<pre>-- ERROR NOTICE --
FECHA: 2014-11-05 05:42:18
ARCHIVO: C:\xampp\htdocs\app\Class\Authorization.php
LINEA : 18
IP SERVIDOR: ::1
IP USUARIO: ::1
MENSAJE: Undefined index: logged
-- ERROR NOTICE --
</pre>
<pre>-- ERROR NOTICE --
FECHA: 2014-11-05 05:42:39
ARCHIVO: C:\xampp\htdocs\app\Class\Authorization.php
LINEA : 18
IP SERVIDOR: ::1
IP USUARIO: ::1
MENSAJE: Undefined index: logged
-- ERROR NOTICE --
</pre>
